<?xml version="1.0" encoding="UTF-8"?>
<!-- Generated by org.testng.reporters.JUnitReportReporter -->
<testsuite hostname="Manoj-kumaR" failures="0" tests="1" name="ScreenShot.Screenshot01" time="18.908" errors="0" timestamp="2020-04-07T19:48:47 IST" skipped="0">
  <testcase classname="ScreenShot.Screenshot01" name="loginIntoDemoWbShop" time="18.908"/>
  <system-out/>
</testsuite> <!-- ScreenShot.Screenshot01 -->
